[35m[Appium][39m Welcome to Appium v1.22.2
[35m[Appium][39m Non-default server args:
[35m[Appium][39m   port: 52902
[35m[Appium][39m   loglevel: info
[35m[Appium][39m   tmpDir: C:\Users\Joanna\AppData\Local\Temp\\Katalon\Appium\Temp1690446116486
[35m[Appium][39m   chromedriverPort: 52903
[35m[Appium][39m Deprecated server args:
[35m[Appium][39m   [31m--chromedriver-port[39m => --default-capabilities
[35m[Appium][39m Default capabilities, which will be added to each request unless overridden by desired capabilities:
[35m[Appium][39m   chromedriverPort: 52903
[35m[Appium][39m Appium REST http interface listener started on 0.0.0.0:52902
[35m[HTTP][39m [37m-->[39m [37mGET[39m [37m/wd/hub/status[39m
[35m[HTTP][39m [90m{}[39m
[35m[HTTP][39m [37m<-- GET /wd/hub/status [39m[32m200[39m [90m5 ms - 68[39m
[35m[HTTP][39m [90m[39m
[35m[HTTP][39m [37m-->[39m [37mGET[39m [37m/wd/hub/status[39m
[35m[HTTP][39m [90m{}[39m
[35m[HTTP][39m [37m<-- GET /wd/hub/status [39m[32m200[39m [90m1 ms - 68[39m
[35m[HTTP][39m [90m[39m
[35m[HTTP][39m [37m-->[39m [37mPOST[39m [37m/wd/hub/session[39m
[35m[HTTP][39m [90m{"desiredCapabilities":{"appPackage":"com.android.settings","appWaitActivity":"*","deviceId":"","deviceName":"emulator-5554 (sdk_gphone64_x86_64 - Android 14)","platform":"ANDROID","appActivity":".Settings","newCommandTimeout":1800,"platformVersion":"14","automationName":"uiautomator2","autoGrantPermissions":true,"platformName":"Android","udid":"emulator-5554","systemPort":8266},"capabilities":{"firstMatch":[{"appium:appActivity":".Settings","appium:appPackage":"com.android.settings","appium:appWaitActivity":"*","appium:autoGrantPermissions":true,"appium:automationName":"uiautomator2","deviceId":"","appium:deviceName":"emulator-5554 (sdk_gphone64_x86_64 - Android 14)","appium:newCommandTimeout":1800,"platform":"ANDROID","platformName":"android","appium:platformVersion":"14","appium:systemPort":8266,"appium:udid":"emulator-5554"}]}}[39m
[35m[BaseDriver][39m The following capabilities are not standard capabilities and should have an extension prefix:
[35m[BaseDriver][39m   deviceId
[35m[BaseDriver][39m   platform
[35m[BaseDriver][39m   chromedriverPort
[35m[Appium][39m Appium v1.22.2 creating new AndroidUiautomator2Driver (v1.70.1) session
[35m[BaseDriver][39m The following capabilities were provided, but are not recognized by Appium:
[35m[BaseDriver][39m   deviceId
[35m[BaseDriver][39m   platform
[35m[BaseDriver][39m Session created with session id: 0ce67f2a-9c95-45c9-9ff3-0bd5d9faf24a
[35m[UiAutomator2][39m Starting 'com.android.settings' directly on the device
[35m[ADB][39m Found 2 'build-tools' folders under 'C:\Users\Joanna\AppData\Local\Android\Sdk' (newest first):
[35m[ADB][39m     C:/Users/Joanna/AppData/Local/Android/Sdk/build-tools/33.0.2
[35m[ADB][39m     C:/Users/Joanna/AppData/Local/Android/Sdk/build-tools/30.0.3
[35m[ADB][39m Using 'adb.exe' from 'C:\Users\Joanna\AppData\Local\Android\Sdk\platform-tools\adb.exe'
[35m[AndroidDriver][39m Retrieving device list
[35m[AndroidDriver][39m Using device: emulator-5554
[35m[ADB][39m Using 'adb.exe' from 'C:\Users\Joanna\AppData\Local\Android\Sdk\platform-tools\adb.exe'
[35m[ADB][39m Getting device platform version
[35m[UiAutomator2][39m Relaxing hidden api policy
[35m[AndroidDriver][39m No app sent in, not parsing package/activity
[35m[ADB][39m Using 'apksigner.jar' from 'C:\Users\Joanna\AppData\Local\Android\Sdk\build-tools\33.0.2\lib\apksigner.jar'
[35m[ADB][39m 'C:\Users\Joanna\AppData\Roaming\nvm\v18.16.0\node_modules\appium\node_modules\appium-uiautomator2-server\apks\appium-uiautomator2-server-v4.27.0.apk' is signed with the default certificate
[35m[ADB][39m 'C:\Users\Joanna\AppData\Roaming\nvm\v18.16.0\node_modules\appium\node_modules\appium-uiautomator2-server\apks\appium-uiautomator2-server-debug-androidTest.apk' is signed with the default certificate
[35m[UiAutomator2][39m Server packages are not going to be (re)installed
[35m[ADB][39m Adding packages ["io.appium.settings","io.appium.uiautomator2.server","io.appium.uiautomator2.server.test"] to Doze whitelist
[35m[UiAutomator2][39m Starting UIAutomator2 server 4.27.0
[35m[UiAutomator2][39m Using UIAutomator2 server from 'C:\Users\Joanna\AppData\Roaming\nvm\v18.16.0\node_modules\appium\node_modules\appium-uiautomator2-server\apks\appium-uiautomator2-server-v4.27.0.apk' and test from 'C:\Users\Joanna\AppData\Roaming\nvm\v18.16.0\node_modules\appium\node_modules\appium-uiautomator2-server\apks\appium-uiautomator2-server-debug-androidTest.apk'
[35m[UiAutomator2][39m Waiting up to 30000ms for UiAutomator2 to be online...
[35m[WD Proxy][39m socket hang up
[35m[WD Proxy][39m socket hang up
[35m[WD Proxy][39m socket hang up
[35m[WD Proxy][39m Determined the downstream protocol as 'W3C'
[35m[AndroidDriver][39m Screen already unlocked, doing nothing
[35m[UiAutomator2][39m Starting 'com.android.settings/.Settings and waiting for 'com.android.settings/*'
[35m[Appium][39m New AndroidUiautomator2Driver session created successfully, session 0ce67f2a-9c95-45c9-9ff3-0bd5d9faf24a added to master session list
[35m[HTTP][39m [37m<-- POST /wd/hub/session [39m[32m200[39m [90m9008 ms - 1267[39m
[35m[HTTP][39m [90m[39m
[35m[HTTP][39m [37m-->[39m [37mGET[39m [37m/wd/hub/session/0ce67f2a-9c95-45c9-9ff3-0bd5d9faf24a[39m
[35m[HTTP][39m [90m{}[39m
[35m[HTTP][39m [37m<-- GET /wd/hub/session/0ce67f2a-9c95-45c9-9ff3-0bd5d9faf24a [39m[32m200[39m [90m16 ms - 1221[39m
[35m[HTTP][39m [90m[39m
[35m[HTTP][39m [37m-->[39m [37mGET[39m [37m/wd/hub/session/0ce67f2a-9c95-45c9-9ff3-0bd5d9faf24a[39m
[35m[HTTP][39m [90m{}[39m
[35m[HTTP][39m [37m<-- GET /wd/hub/session/0ce67f2a-9c95-45c9-9ff3-0bd5d9faf24a [39m[32m200[39m [90m39 ms - 1221[39m
[35m[HTTP][39m [90m[39m
[35m[HTTP][39m [37m-->[39m [37mGET[39m [37m/wd/hub/status[39m
[35m[HTTP][39m [90m{}[39m
[35m[HTTP][39m [37m<-- GET /wd/hub/status [39m[32m200[39m [90m0 ms - 68[39m
[35m[HTTP][39m [90m[39m
[35m[HTTP][39m [37m-->[39m [37mPOST[39m [37m/wd/hub/session/0ce67f2a-9c95-45c9-9ff3-0bd5d9faf24a/timeouts[39m
[35m[HTTP][39m [90m{"implicit":60000}[39m
[35m[HTTP][39m [37m<-- POST /wd/hub/session/0ce67f2a-9c95-45c9-9ff3-0bd5d9faf24a/timeouts [39m[32m200[39m [90m3 ms - 14[39m
[35m[HTTP][39m [90m[39m
[35m[HTTP][39m [37m-->[39m [37mGET[39m [37m/wd/hub/session/0ce67f2a-9c95-45c9-9ff3-0bd5d9faf24a/screenshot[39m
[35m[HTTP][39m [90m{}[39m
[35m[HTTP][39m [37m<-- GET /wd/hub/session/0ce67f2a-9c95-45c9-9ff3-0bd5d9faf24a/screenshot [39m[32m200[39m [90m490 ms - 268324[39m
[35m[HTTP][39m [90m[39m
[35m[HTTP][39m [37m-->[39m [37mGET[39m [37m/wd/hub/session/0ce67f2a-9c95-45c9-9ff3-0bd5d9faf24a/window/rect[39m
[35m[HTTP][39m [90m{}[39m
[35m[HTTP][39m [37m<-- GET /wd/hub/session/0ce67f2a-9c95-45c9-9ff3-0bd5d9faf24a/window/rect [39m[32m200[39m [90m17 ms - 50[39m
[35m[HTTP][39m [90m[39m
[35m[HTTP][39m [37m-->[39m [37mGET[39m [37m/wd/hub/session/0ce67f2a-9c95-45c9-9ff3-0bd5d9faf24a/appium/device/system_bars[39m
[35m[HTTP][39m [90m{}[39m
[35m[HTTP][39m [37m<-- GET /wd/hub/session/0ce67f2a-9c95-45c9-9ff3-0bd5d9faf24a/appium/device/system_bars [39m[32m200[39m [90m67 ms - 145[39m
[35m[HTTP][39m [90m[39m
[35m[HTTP][39m [37m-->[39m [37mPOST[39m [37m/wd/hub/session/0ce67f2a-9c95-45c9-9ff3-0bd5d9faf24a/appium/device/activate_app[39m
[35m[HTTP][39m [90m{"bundleId":"id.binar.fp.secondhand"}[39m
[35m[HTTP][39m [37m<-- POST /wd/hub/session/0ce67f2a-9c95-45c9-9ff3-0bd5d9faf24a/appium/device/activate_app [39m[32m200[39m [90m349 ms - 14[39m
[35m[HTTP][39m [90m[39m
[35m[HTTP][39m [37m-->[39m [37mGET[39m [37m/wd/hub/session/0ce67f2a-9c95-45c9-9ff3-0bd5d9faf24a/source[39m
[35m[HTTP][39m [90m{}[39m
[35m[W3C (0ce67f2a)][39m Driver proxy active, passing request on via HTTP proxy
[35m[WD Proxy][39m Replacing sessionId 5c1aaea3-1270-4424-9b16-58ff0afa40c4 with 0ce67f2a-9c95-45c9-9ff3-0bd5d9faf24a
[35m[HTTP][39m [37m<-- GET /wd/hub/session/0ce67f2a-9c95-45c9-9ff3-0bd5d9faf24a/source [39m[32m200[39m [90m1184 ms - 43620[39m
[35m[HTTP][39m [90m[39m
[35m[HTTP][39m [37m-->[39m [37mGET[39m [37m/wd/hub/session/0ce67f2a-9c95-45c9-9ff3-0bd5d9faf24a/screenshot[39m
[35m[HTTP][39m [90m{}[39m
[35m[HTTP][39m [37m<-- GET /wd/hub/session/0ce67f2a-9c95-45c9-9ff3-0bd5d9faf24a/screenshot [39m[32m200[39m [90m547 ms - 468398[39m
[35m[HTTP][39m [90m[39m
[35m[HTTP][39m [37m-->[39m [37mPOST[39m [37m/wd/hub/session/0ce67f2a-9c95-45c9-9ff3-0bd5d9faf24a/elements[39m
[35m[HTTP][39m [90m{"using":"xpath","value":"//*[@class = 'android.widget.TextView' and (@text = 'Nama Produk' or . = 'Nama Produk') and @resource-id = 'id.binar.fp.secondhand:id/tv_product_name']"}[39m
[35m[HTTP][39m [37m<-- POST /wd/hub/session/0ce67f2a-9c95-45c9-9ff3-0bd5d9faf24a/elements [39m[32m200[39m [90m872 ms - 139[39m
[35m[HTTP][39m [90m[39m
[35m[HTTP][39m [37m-->[39m [37mPOST[39m [37m/wd/hub/session/0ce67f2a-9c95-45c9-9ff3-0bd5d9faf24a/elements[39m
[35m[HTTP][39m [90m{"using":"xpath","value":"//*[@class = 'android.widget.EditText' and (@text = 'Book' or . = 'Book') and @resource-id = 'id.binar.fp.secondhand:id/et_product_name']"}[39m
[35m[HTTP][39m [37m<-- POST /wd/hub/session/0ce67f2a-9c95-45c9-9ff3-0bd5d9faf24a/elements [39m[32m200[39m [90m375 ms - 139[39m
[35m[HTTP][39m [90m[39m
[35m[HTTP][39m [37m-->[39m [37mPOST[39m [37m/wd/hub/session/0ce67f2a-9c95-45c9-9ff3-0bd5d9faf24a/elements[39m
[35m[HTTP][39m [90m{"using":"xpath","value":"//*[@class = 'android.widget.EditText' and (@text = '100000' or . = '100000') and @resource-id = 'id.binar.fp.secondhand:id/et_product_price']"}[39m
[35m[HTTP][39m [37m<-- POST /wd/hub/session/0ce67f2a-9c95-45c9-9ff3-0bd5d9faf24a/elements [39m[32m200[39m [90m408 ms - 139[39m
[35m[HTTP][39m [90m[39m
[35m[HTTP][39m [37m-->[39m [37mPOST[39m [37m/wd/hub/session/0ce67f2a-9c95-45c9-9ff3-0bd5d9faf24a/elements[39m
[35m[HTTP][39m [90m{"using":"xpath","value":"//*[@class = 'android.widget.Button' and (@text = 'Hobi dan Koleksi' or . = 'Hobi dan Koleksi')]"}[39m
[35m[HTTP][39m [37m<-- POST /wd/hub/session/0ce67f2a-9c95-45c9-9ff3-0bd5d9faf24a/elements [39m[32m200[39m [90m629 ms - 139[39m
[35m[HTTP][39m [90m[39m
[35m[HTTP][39m [37m-->[39m [37mPOST[39m [37m/wd/hub/session/0ce67f2a-9c95-45c9-9ff3-0bd5d9faf24a/elements[39m
[35m[HTTP][39m [90m{"using":"xpath","value":"//*[@class = 'android.widget.Spinner' and (@text = 'Pilih Kategori' or . = 'Pilih Kategori') and @resource-id = 'id.binar.fp.secondhand:id/et_product_category']"}[39m
[35m[HTTP][39m [37m<-- POST /wd/hub/session/0ce67f2a-9c95-45c9-9ff3-0bd5d9faf24a/elements [39m[32m200[39m [90m432 ms - 139[39m
[35m[HTTP][39m [90m[39m
[35m[HTTP][39m [37m-->[39m [37mPOST[39m [37m/wd/hub/session/0ce67f2a-9c95-45c9-9ff3-0bd5d9faf24a/elements[39m
[35m[HTTP][39m [90m{"using":"xpath","value":"//*[@class = 'android.widget.TextView' and (@text = 'Book' or . = 'Book') and @resource-id = 'id.binar.fp.secondhand:id/tv_product_name']"}[39m
[35m[HTTP][39m [37m<-- POST /wd/hub/session/0ce67f2a-9c95-45c9-9ff3-0bd5d9faf24a/elements [39m[32m200[39m [90m520 ms - 523[39m
[35m[HTTP][39m [90m[39m
[35m[HTTP][39m [37m-->[39m [37mPOST[39m [37m/wd/hub/session/0ce67f2a-9c95-45c9-9ff3-0bd5d9faf24a/elements[39m
[35m[HTTP][39m [90m{"using":"id","value":"id.binar.fp.secondhand:id/tv_product_name"}[39m
[35m[HTTP][39m [37m<-- POST /wd/hub/session/0ce67f2a-9c95-45c9-9ff3-0bd5d9faf24a/elements [39m[32m200[39m [90m147 ms - 651[39m
[35m[HTTP][39m [90m[39m
[35m[HTTP][39m [37m-->[39m [37mPOST[39m [37m/wd/hub/session/0ce67f2a-9c95-45c9-9ff3-0bd5d9faf24a/elements[39m
[35m[HTTP][39m [90m{"using":"-android uiautomator","value":"new UiSelector().className(\"android.widget.TextView\").text(\"Book\").resourceId(\"id.binar.fp.secondhand:id/tv_product_name\")"}[39m
[35m[HTTP][39m [37m<-- POST /wd/hub/session/0ce67f2a-9c95-45c9-9ff3-0bd5d9faf24a/elements [39m[32m200[39m [90m256 ms - 523[39m
[35m[HTTP][39m [90m[39m
[35m[HTTP][39m [37m-->[39m [37mPOST[39m [37m/wd/hub/session/0ce67f2a-9c95-45c9-9ff3-0bd5d9faf24a/elements[39m
[35m[HTTP][39m [90m{"using":"xpath","value":"//*[@class = 'android.widget.TextView' and (@text = 'Nama Produk' or . = 'Nama Produk') and @resource-id = 'id.binar.fp.secondhand:id/tv_product_name']"}[39m
[35m[HTTP][39m [37m<-- POST /wd/hub/session/0ce67f2a-9c95-45c9-9ff3-0bd5d9faf24a/elements [39m[32m200[39m [90m395 ms - 139[39m
[35m[HTTP][39m [90m[39m
[35m[HTTP][39m [37m-->[39m [37mPOST[39m [37m/wd/hub/session/0ce67f2a-9c95-45c9-9ff3-0bd5d9faf24a/elements[39m
[35m[HTTP][39m [90m{"using":"xpath","value":"//*[@class = 'android.widget.FrameLayout' and @resource-id = 'id.binar.fp.secondhand:id/main_nav_host' and (@text = '' or . = '')]"}[39m
[35m[HTTP][39m [37m<-- POST /wd/hub/session/0ce67f2a-9c95-45c9-9ff3-0bd5d9faf24a/elements [39m[32m200[39m [90m468 ms - 139[39m
[35m[HTTP][39m [90m[39m
[35m[HTTP][39m [37m-->[39m [37mPOST[39m [37m/wd/hub/session/0ce67f2a-9c95-45c9-9ff3-0bd5d9faf24a/elements[39m
[35m[HTTP][39m [90m{"using":"xpath","value":"//*[@class = 'android.widget.FrameLayout' and @resource-id = 'id.binar.fp.secondhand:id/main_nav_host' and (@text = '' or . = '')]"}[39m
[35m[HTTP][39m [37m<-- POST /wd/hub/session/0ce67f2a-9c95-45c9-9ff3-0bd5d9faf24a/elements [39m[32m200[39m [90m395 ms - 139[39m
[35m[HTTP][39m [90m[39m
[35m[HTTP][39m [37m-->[39m [37mPOST[39m [37m/wd/hub/session/0ce67f2a-9c95-45c9-9ff3-0bd5d9faf24a/elements[39m
[35m[HTTP][39m [90m{"using":"xpath","value":"//*[@class = 'android.view.ViewGroup' and (@text = '' or . = '')]"}[39m
[35m[HTTP][39m [37m<-- POST /wd/hub/session/0ce67f2a-9c95-45c9-9ff3-0bd5d9faf24a/elements [39m[32m200[39m [90m409 ms - 2059[39m
[35m[HTTP][39m [90m[39m
[35m[HTTP][39m [37m-->[39m [37mPOST[39m [37m/wd/hub/session/0ce67f2a-9c95-45c9-9ff3-0bd5d9faf24a/elements[39m
[35m[HTTP][39m [90m{"using":"-android uiautomator","value":"new UiSelector().className(\"android.view.ViewGroup\")"}[39m
[35m[HTTP][39m [37m<-- POST /wd/hub/session/0ce67f2a-9c95-45c9-9ff3-0bd5d9faf24a/elements [39m[32m200[39m [90m329 ms - 2059[39m
[35m[HTTP][39m [90m[39m
[35m[HTTP][39m [37m-->[39m [37mPOST[39m [37m/wd/hub/session/0ce67f2a-9c95-45c9-9ff3-0bd5d9faf24a/elements[39m
[35m[HTTP][39m [90m{"using":"xpath","value":"//*[@class = 'android.view.ViewGroup' and (@text = '' or . = '')]"}[39m
[35m[HTTP][39m [37m<-- POST /wd/hub/session/0ce67f2a-9c95-45c9-9ff3-0bd5d9faf24a/elements [39m[32m200[39m [90m458 ms - 2059[39m
[35m[HTTP][39m [90m[39m
[35m[HTTP][39m [37m-->[39m [37mPOST[39m [37m/wd/hub/session/0ce67f2a-9c95-45c9-9ff3-0bd5d9faf24a/elements[39m
[35m[HTTP][39m [90m{"using":"-android uiautomator","value":"new UiSelector().className(\"android.view.ViewGroup\")"}[39m
[35m[HTTP][39m [37m<-- POST /wd/hub/session/0ce67f2a-9c95-45c9-9ff3-0bd5d9faf24a/elements [39m[32m200[39m [90m284 ms - 2059[39m
[35m[HTTP][39m [90m[39m
[35m[HTTP][39m [37m-->[39m [37mPOST[39m [37m/wd/hub/session/0ce67f2a-9c95-45c9-9ff3-0bd5d9faf24a/elements[39m
[35m[HTTP][39m [90m{"using":"xpath","value":"//*[@class = 'android.view.ViewGroup' and (@text = '' or . = '')]"}[39m
[35m[HTTP][39m [37m<-- POST /wd/hub/session/0ce67f2a-9c95-45c9-9ff3-0bd5d9faf24a/elements [39m[32m200[39m [90m390 ms - 2059[39m
[35m[HTTP][39m [90m[39m
[35m[HTTP][39m [37m-->[39m [37mPOST[39m [37m/wd/hub/session/0ce67f2a-9c95-45c9-9ff3-0bd5d9faf24a/elements[39m
[35m[HTTP][39m [90m{"using":"-android uiautomator","value":"new UiSelector().className(\"android.view.ViewGroup\")"}[39m
[35m[HTTP][39m [37m<-- POST /wd/hub/session/0ce67f2a-9c95-45c9-9ff3-0bd5d9faf24a/elements [39m[32m200[39m [90m267 ms - 2059[39m
[35m[HTTP][39m [90m[39m
[35m[HTTP][39m [37m-->[39m [37mPOST[39m [37m/wd/hub/session/0ce67f2a-9c95-45c9-9ff3-0bd5d9faf24a/elements[39m
[35m[HTTP][39m [90m{"using":"xpath","value":"//*[@class = 'android.widget.TextView' and (@text = 'Daftar Jual Saya' or . = 'Daftar Jual Saya') and @resource-id = 'id.binar.fp.secondhand:id/tv_title_page']"}[39m
[35m[HTTP][39m [37m<-- POST /wd/hub/session/0ce67f2a-9c95-45c9-9ff3-0bd5d9faf24a/elements [39m[32m200[39m [90m422 ms - 139[39m
[35m[HTTP][39m [90m[39m
[35m[HTTP][39m [37m-->[39m [37mPOST[39m [37m/wd/hub/session/0ce67f2a-9c95-45c9-9ff3-0bd5d9faf24a/elements[39m
[35m[HTTP][39m [90m{"using":"xpath","value":"//*[@class = 'android.view.ViewGroup' and (@text = '' or . = '')]"}[39m
[35m[HTTP][39m [37m<-- POST /wd/hub/session/0ce67f2a-9c95-45c9-9ff3-0bd5d9faf24a/elements [39m[32m200[39m [90m385 ms - 2059[39m
[35m[HTTP][39m [90m[39m
[35m[HTTP][39m [37m-->[39m [37mPOST[39m [37m/wd/hub/session/0ce67f2a-9c95-45c9-9ff3-0bd5d9faf24a/elements[39m
[35m[HTTP][39m [90m{"using":"-android uiautomator","value":"new UiSelector().className(\"android.view.ViewGroup\")"}[39m
[35m[HTTP][39m [37m<-- POST /wd/hub/session/0ce67f2a-9c95-45c9-9ff3-0bd5d9faf24a/elements [39m[32m200[39m [90m321 ms - 2059[39m
[35m[HTTP][39m [90m[39m
[35m[HTTP][39m [37m-->[39m [37mPOST[39m [37m/wd/hub/session/0ce67f2a-9c95-45c9-9ff3-0bd5d9faf24a/elements[39m
[35m[HTTP][39m [90m{"using":"xpath","value":"//*[@class = 'android.widget.FrameLayout' and @resource-id = 'id.binar.fp.secondhand:id/main_nav_host' and (@text = '' or . = '')]"}[39m
[35m[HTTP][39m [37m<-- POST /wd/hub/session/0ce67f2a-9c95-45c9-9ff3-0bd5d9faf24a/elements [39m[32m200[39m [90m373 ms - 139[39m
[35m[HTTP][39m [90m[39m
[35m[HTTP][39m [37m-->[39m [37mPOST[39m [37m/wd/hub/session/0ce67f2a-9c95-45c9-9ff3-0bd5d9faf24a/elements[39m
[35m[HTTP][39m [90m{"using":"xpath","value":"//*[@class = 'android.widget.TextView' and (@text = 'Hobi dan Koleksi' or . = 'Hobi dan Koleksi') and @resource-id = 'id.binar.fp.secondhand:id/tv_product_category']"}[39m
[35m[HTTP][39m [37m<-- POST /wd/hub/session/0ce67f2a-9c95-45c9-9ff3-0bd5d9faf24a/elements [39m[32m200[39m [90m347 ms - 523[39m
[35m[HTTP][39m [90m[39m
[35m[HTTP][39m [37m-->[39m [37mPOST[39m [37m/wd/hub/session/0ce67f2a-9c95-45c9-9ff3-0bd5d9faf24a/elements[39m
[35m[HTTP][39m [90m{"using":"id","value":"id.binar.fp.secondhand:id/tv_product_category"}[39m
[35m[HTTP][39m [37m<-- POST /wd/hub/session/0ce67f2a-9c95-45c9-9ff3-0bd5d9faf24a/elements [39m[32m200[39m [90m637 ms - 651[39m
[35m[HTTP][39m [90m[39m
[35m[HTTP][39m [37m-->[39m [37mPOST[39m [37m/wd/hub/session/0ce67f2a-9c95-45c9-9ff3-0bd5d9faf24a/elements[39m
[35m[HTTP][39m [90m{"using":"-android uiautomator","value":"new UiSelector().className(\"android.widget.TextView\").text(\"Hobi dan Koleksi\").resourceId(\"id.binar.fp.secondhand:id/tv_product_category\")"}[39m
[35m[HTTP][39m [37m<-- POST /wd/hub/session/0ce67f2a-9c95-45c9-9ff3-0bd5d9faf24a/elements [39m[32m200[39m [90m200 ms - 523[39m
[35m[HTTP][39m [90m[39m
[35m[HTTP][39m [37m-->[39m [37mPOST[39m [37m/wd/hub/session/0ce67f2a-9c95-45c9-9ff3-0bd5d9faf24a/elements[39m
[35m[HTTP][39m [90m{"using":"xpath","value":"//*[@class = 'android.widget.TextView' and (@text = 'Rp100,000' or . = 'Rp100,000') and @resource-id = 'id.binar.fp.secondhand:id/tv_product_price']"}[39m
[35m[HTTP][39m [37m<-- POST /wd/hub/session/0ce67f2a-9c95-45c9-9ff3-0bd5d9faf24a/elements [39m[32m200[39m [90m387 ms - 523[39m
[35m[HTTP][39m [90m[39m
[35m[HTTP][39m [37m-->[39m [37mPOST[39m [37m/wd/hub/session/0ce67f2a-9c95-45c9-9ff3-0bd5d9faf24a/elements[39m
[35m[HTTP][39m [90m{"using":"id","value":"id.binar.fp.secondhand:id/tv_product_price"}[39m
[35m[HTTP][39m [37m<-- POST /wd/hub/session/0ce67f2a-9c95-45c9-9ff3-0bd5d9faf24a/elements [39m[32m200[39m [90m145 ms - 651[39m
[35m[HTTP][39m [90m[39m
[35m[HTTP][39m [37m-->[39m [37mPOST[39m [37m/wd/hub/session/0ce67f2a-9c95-45c9-9ff3-0bd5d9faf24a/elements[39m
[35m[HTTP][39m [90m{"using":"-android uiautomator","value":"new UiSelector().className(\"android.widget.TextView\").text(\"Rp100,000\").resourceId(\"id.binar.fp.secondhand:id/tv_product_price\")"}[39m
[35m[HTTP][39m [37m<-- POST /wd/hub/session/0ce67f2a-9c95-45c9-9ff3-0bd5d9faf24a/elements [39m[32m200[39m [90m255 ms - 523[39m
[35m[HTTP][39m [90m[39m
[35m[HTTP][39m [37m-->[39m [37mPOST[39m [37m/wd/hub/session/0ce67f2a-9c95-45c9-9ff3-0bd5d9faf24a/elements[39m
[35m[HTTP][39m [90m{"using":"xpath","value":"//*[@class = 'android.widget.TextView' and (@text = 'Book' or . = 'Book') and @resource-id = 'id.binar.fp.secondhand:id/tv_product_name']"}[39m
[35m[HTTP][39m [37m<-- POST /wd/hub/session/0ce67f2a-9c95-45c9-9ff3-0bd5d9faf24a/elements [39m[32m200[39m [90m361 ms - 523[39m
[35m[HTTP][39m [90m[39m
[35m[HTTP][39m [37m-->[39m [37mPOST[39m [37m/wd/hub/session/0ce67f2a-9c95-45c9-9ff3-0bd5d9faf24a/elements[39m
[35m[HTTP][39m [90m{"using":"id","value":"id.binar.fp.secondhand:id/tv_product_name"}[39m
[35m[HTTP][39m [37m<-- POST /wd/hub/session/0ce67f2a-9c95-45c9-9ff3-0bd5d9faf24a/elements [39m[32m200[39m [90m119 ms - 651[39m
[35m[HTTP][39m [90m[39m
[35m[HTTP][39m [37m-->[39m [37mPOST[39m [37m/wd/hub/session/0ce67f2a-9c95-45c9-9ff3-0bd5d9faf24a/elements[39m
[35m[HTTP][39m [90m{"using":"-android uiautomator","value":"new UiSelector().className(\"android.widget.TextView\").text(\"Book\").resourceId(\"id.binar.fp.secondhand:id/tv_product_name\")"}[39m
[35m[HTTP][39m [37m<-- POST /wd/hub/session/0ce67f2a-9c95-45c9-9ff3-0bd5d9faf24a/elements [39m[32m200[39m [90m147 ms - 523[39m
[35m[HTTP][39m [90m[39m
[35m[BaseDriver][39m Shutting down because we waited 1800 seconds for a command
[35m[Appium][39m Closing session, cause was 'New Command Timeout of 1800 seconds expired. Try customizing the timeout using the 'newCommandTimeout' desired capability'
[35m[Appium][39m Removing session '0ce67f2a-9c95-45c9-9ff3-0bd5d9faf24a' from our master session list
[35m[UiAutomator2][39m Did not get confirmation UiAutomator2 deleteSession worked; Error was: UnknownError: An unknown server-side error occurred while processing the command. Original error: 'DELETE /' cannot be proxied to UiAutomator2 server because the instrumentation process is not running (probably crashed). Check the server log and/or the logcat output for more details
[35m[UiAutomator2][39m Restoring hidden api policy to the device default configuration
